{"C:\\Users\\raoni\\Documents\\Github\\produtos-favoritos-clientes\\app\\app.js": {"path":"C:\\Users\\raoni\\Documents\\Github\\produtos-favoritos-clientes\\app\\app.js","statementMap":{"0":{"start":{"line":2,"column":16},"end":{"line":2,"column":34}},"1":{"start":{"line":3,"column":21},"end":{"line":3,"column":45}},"2":{"start":{"line":4,"column":15},"end":{"line":4,"column":32}},"3":{"start":{"line":5,"column":15},"end":{"line":5,"column":32}},"4":{"start":{"line":6,"column":12},"end":{"line":6,"column":21}},"5":{"start":{"line":8,"column":20},"end":{"line":8,"column":45}},"6":{"start":{"line":9,"column":21},"end":{"line":9,"column":47}},"7":{"start":{"line":10,"column":32},"end":{"line":10,"column":69}},"8":{"start":{"line":12,"column":0},"end":{"line":12,"column":22}},"9":{"start":{"line":13,"column":0},"end":{"line":13,"column":17}},"10":{"start":{"line":14,"column":0},"end":{"line":14,"column":23}},"11":{"start":{"line":15,"column":0},"end":{"line":15,"column":48}},"12":{"start":{"line":16,"column":0},"end":{"line":16,"column":23}},"13":{"start":{"line":18,"column":0},"end":{"line":18,"column":34}},"14":{"start":{"line":19,"column":0},"end":{"line":19,"column":36}},"15":{"start":{"line":20,"column":0},"end":{"line":20,"column":66}},"16":{"start":{"line":22,"column":0},"end":{"line":22,"column":20}}},"fnMap":{},"branchMap":{},"s":{"0":4,"1":4,"2":4,"3":4,"4":4,"5":4,"6":4,"7":4,"8":4,"9":4,"10":4,"11":4,"12":4,"13":4,"14":4,"15":4,"16":4},"f":{},"b":{},"_coverageSchema":"43e27e138ebf9cfc5966b082cf9a028302ed4184","hash":"5d0eb2cd5316b0ea4bb4c37017b12a25836f7bc4"}
,"C:\\Users\\raoni\\Documents\\Github\\produtos-favoritos-clientes\\app\\server.js": {"path":"C:\\Users\\raoni\\Documents\\Github\\produtos-favoritos-clientes\\app\\server.js","statementMap":{"0":{"start":{"line":1,"column":13},"end":{"line":1,"column":28}},"1":{"start":{"line":2,"column":12},"end":{"line":2,"column":28}},"2":{"start":{"line":3,"column":15},"end":{"line":3,"column":37}},"3":{"start":{"line":4,"column":17},"end":{"line":4,"column":44}},"4":{"start":{"line":6,"column":0},"end":{"line":8,"column":2}},"5":{"start":{"line":7,"column":2},"end":{"line":7,"column":49}}},"fnMap":{"0":{"name":"(anonymous_0)","decl":{"start":{"line":6,"column":20},"end":{"line":6,"column":21}},"loc":{"start":{"line":6,"column":26},"end":{"line":8,"column":1}},"line":6}},"branchMap":{},"s":{"0":0,"1":0,"2":0,"3":0,"4":0,"5":0},"f":{"0":0},"b":{},"hash":"de2a49edda74a2cb50e43c7255eb1c9897e06c6a"}
,"C:\\Users\\raoni\\Documents\\Github\\produtos-favoritos-clientes\\app\\helpers\\helpers.js": {"path":"C:\\Users\\raoni\\Documents\\Github\\produtos-favoritos-clientes\\app\\helpers\\helpers.js","statementMap":{"0":{"start":{"line":1,"column":14},"end":{"line":1,"column":30}},"1":{"start":{"line":2,"column":17},"end":{"line":2,"column":36}},"2":{"start":{"line":3,"column":12},"end":{"line":3,"column":35}},"3":{"start":{"line":4,"column":67},"end":{"line":4,"column":97}},"4":{"start":{"line":7,"column":2},"end":{"line":13,"column":3}},"5":{"start":{"line":17,"column":2},"end":{"line":19,"column":4}},"6":{"start":{"line":23,"column":2},"end":{"line":25,"column":3}},"7":{"start":{"line":24,"column":4},"end":{"line":24,"column":16}},"8":{"start":{"line":27,"column":2},"end":{"line":33,"column":4}},"9":{"start":{"line":28,"column":4},"end":{"line":30,"column":5}},"10":{"start":{"line":29,"column":6},"end":{"line":29,"column":18}},"11":{"start":{"line":32,"column":4},"end":{"line":32,"column":15}},"12":{"start":{"line":37,"column":2},"end":{"line":47,"column":4}},"13":{"start":{"line":38,"column":17},"end":{"line":38,"column":19}},"14":{"start":{"line":40,"column":4},"end":{"line":44,"column":5}},"15":{"start":{"line":41,"column":6},"end":{"line":41,"column":54}},"16":{"start":{"line":43,"column":6},"end":{"line":43,"column":24}},"17":{"start":{"line":46,"column":4},"end":{"line":46,"column":32}},"18":{"start":{"line":51,"column":2},"end":{"line":53,"column":3}},"19":{"start":{"line":52,"column":4},"end":{"line":52,"column":16}},"20":{"start":{"line":55,"column":2},"end":{"line":55,"column":86}},"21":{"start":{"line":55,"column":58},"end":{"line":55,"column":85}},"22":{"start":{"line":59,"column":2},"end":{"line":59,"column":29}},"23":{"start":{"line":63,"column":2},"end":{"line":69,"column":3}},"24":{"start":{"line":72,"column":0},"end":{"line":80,"column":1}}},"fnMap":{"0":{"name":"createDbConnection","decl":{"start":{"line":6,"column":9},"end":{"line":6,"column":27}},"loc":{"start":{"line":6,"column":30},"end":{"line":14,"column":1}},"line":6},"1":{"name":"generateToken","decl":{"start":{"line":16,"column":9},"end":{"line":16,"column":22}},"loc":{"start":{"line":16,"column":25},"end":{"line":20,"column":1}},"line":16},"2":{"name":"validateToken","decl":{"start":{"line":22,"column":9},"end":{"line":22,"column":22}},"loc":{"start":{"line":22,"column":35},"end":{"line":34,"column":1}},"line":22},"3":{"name":"(anonymous_3)","decl":{"start":{"line":27,"column":41},"end":{"line":27,"column":42}},"loc":{"start":{"line":27,"column":50},"end":{"line":33,"column":3}},"line":27},"4":{"name":"getProductById","decl":{"start":{"line":36,"column":9},"end":{"line":36,"column":23}},"loc":{"start":{"line":36,"column":33},"end":{"line":48,"column":1}},"line":36},"5":{"name":"(anonymous_5)","decl":{"start":{"line":37,"column":21},"end":{"line":37,"column":22}},"loc":{"start":{"line":37,"column":48},"end":{"line":47,"column":3}},"line":37},"6":{"name":"searchClientFavoriteProduct","decl":{"start":{"line":50,"column":9},"end":{"line":50,"column":36}},"loc":{"start":{"line":50,"column":70},"end":{"line":56,"column":1}},"line":50},"7":{"name":"(anonymous_7)","decl":{"start":{"line":55,"column":44},"end":{"line":55,"column":45}},"loc":{"start":{"line":55,"column":58},"end":{"line":55,"column":85}},"line":55},"8":{"name":"calculateOffset","decl":{"start":{"line":58,"column":9},"end":{"line":58,"column":24}},"loc":{"start":{"line":58,"column":46},"end":{"line":60,"column":1}},"line":58},"9":{"name":"createPaginationMetaResponse","decl":{"start":{"line":62,"column":9},"end":{"line":62,"column":37}},"loc":{"start":{"line":62,"column":73},"end":{"line":70,"column":1}},"line":62}},"branchMap":{"0":{"loc":{"start":{"line":22,"column":23},"end":{"line":22,"column":33}},"type":"default-arg","locations":[{"start":{"line":22,"column":31},"end":{"line":22,"column":33}}],"line":22},"1":{"loc":{"start":{"line":23,"column":2},"end":{"line":25,"column":3}},"type":"if","locations":[{"start":{"line":23,"column":2},"end":{"line":25,"column":3}},{"start":{"line":23,"column":2},"end":{"line":25,"column":3}}],"line":23},"2":{"loc":{"start":{"line":28,"column":4},"end":{"line":30,"column":5}},"type":"if","locations":[{"start":{"line":28,"column":4},"end":{"line":30,"column":5}},{"start":{"line":28,"column":4},"end":{"line":30,"column":5}}],"line":28},"3":{"loc":{"start":{"line":36,"column":24},"end":{"line":36,"column":31}},"type":"default-arg","locations":[{"start":{"line":36,"column":29},"end":{"line":36,"column":31}}],"line":36},"4":{"loc":{"start":{"line":50,"column":37},"end":{"line":50,"column":52}},"type":"default-arg","locations":[{"start":{"line":50,"column":50},"end":{"line":50,"column":52}}],"line":50},"5":{"loc":{"start":{"line":50,"column":54},"end":{"line":50,"column":68}},"type":"default-arg","locations":[{"start":{"line":50,"column":66},"end":{"line":50,"column":68}}],"line":50},"6":{"loc":{"start":{"line":51,"column":2},"end":{"line":53,"column":3}},"type":"if","locations":[{"start":{"line":51,"column":2},"end":{"line":53,"column":3}},{"start":{"line":51,"column":2},"end":{"line":53,"column":3}}],"line":51},"7":{"loc":{"start":{"line":51,"column":6},"end":{"line":51,"column":82}},"type":"binary-expr","locations":[{"start":{"line":51,"column":6},"end":{"line":51,"column":36}},{"start":{"line":51,"column":40},"end":{"line":51,"column":82}}],"line":51},"8":{"loc":{"start":{"line":58,"column":25},"end":{"line":58,"column":33}},"type":"default-arg","locations":[{"start":{"line":58,"column":32},"end":{"line":58,"column":33}}],"line":58},"9":{"loc":{"start":{"line":58,"column":35},"end":{"line":58,"column":44}},"type":"default-arg","locations":[{"start":{"line":58,"column":43},"end":{"line":58,"column":44}}],"line":58},"10":{"loc":{"start":{"line":62,"column":38},"end":{"line":62,"column":46}},"type":"default-arg","locations":[{"start":{"line":62,"column":45},"end":{"line":62,"column":46}}],"line":62},"11":{"loc":{"start":{"line":62,"column":48},"end":{"line":62,"column":57}},"type":"default-arg","locations":[{"start":{"line":62,"column":56},"end":{"line":62,"column":57}}],"line":62},"12":{"loc":{"start":{"line":62,"column":59},"end":{"line":62,"column":71}},"type":"default-arg","locations":[{"start":{"line":62,"column":70},"end":{"line":62,"column":71}}],"line":62}},"s":{"0":7,"1":7,"2":7,"3":7,"4":5,"5":5,"6":18,"7":1,"8":17,"9":17,"10":2,"11":15,"12":7,"13":7,"14":7,"15":7,"16":2,"17":4,"18":5,"19":3,"20":2,"21":2,"22":2,"23":2,"24":7},"f":{"0":5,"1":5,"2":18,"3":17,"4":7,"5":7,"6":5,"7":2,"8":2,"9":2},"b":{"0":[1],"1":[1,17],"2":[2,15],"3":[1],"4":[1],"5":[1],"6":[3,2],"7":[5,4],"8":[0],"9":[0],"10":[0],"11":[0],"12":[0]},"_coverageSchema":"43e27e138ebf9cfc5966b082cf9a028302ed4184","hash":"04d8cf24d82acf0c878e49d20f2798f408d50920"}
,"C:\\Users\\raoni\\Documents\\Github\\produtos-favoritos-clientes\\app\\middlewares\\verifyDuplicatedClientEmail.js": {"path":"C:\\Users\\raoni\\Documents\\Github\\produtos-favoritos-clientes\\app\\middlewares\\verifyDuplicatedClientEmail.js","statementMap":{"0":{"start":{"line":1,"column":20},"end":{"line":1,"column":47}},"1":{"start":{"line":4,"column":19},"end":{"line":4,"column":40}},"2":{"start":{"line":5,"column":16},"end":{"line":5,"column":38}},"3":{"start":{"line":6,"column":20},"end":{"line":6,"column":22}},"4":{"start":{"line":8,"column":2},"end":{"line":12,"column":3}},"5":{"start":{"line":9,"column":4},"end":{"line":9,"column":85}},"6":{"start":{"line":11,"column":4},"end":{"line":11,"column":94}},"7":{"start":{"line":14,"column":2},"end":{"line":16,"column":3}},"8":{"start":{"line":15,"column":4},"end":{"line":15,"column":68}},"9":{"start":{"line":18,"column":2},"end":{"line":18,"column":8}},"10":{"start":{"line":21,"column":0},"end":{"line":21,"column":44}}},"fnMap":{"0":{"name":"verifyDuplicatedClientEmail","decl":{"start":{"line":3,"column":15},"end":{"line":3,"column":42}},"loc":{"start":{"line":3,"column":59},"end":{"line":19,"column":1}},"line":3}},"branchMap":{"0":{"loc":{"start":{"line":4,"column":19},"end":{"line":4,"column":40}},"type":"binary-expr","locations":[{"start":{"line":4,"column":19},"end":{"line":4,"column":32}},{"start":{"line":4,"column":36},"end":{"line":4,"column":40}}],"line":4},"1":{"loc":{"start":{"line":5,"column":16},"end":{"line":5,"column":38}},"type":"binary-expr","locations":[{"start":{"line":5,"column":16},"end":{"line":5,"column":30}},{"start":{"line":5,"column":34},"end":{"line":5,"column":38}}],"line":5},"2":{"loc":{"start":{"line":14,"column":2},"end":{"line":16,"column":3}},"type":"if","locations":[{"start":{"line":14,"column":2},"end":{"line":16,"column":3}},{"start":{"line":14,"column":2},"end":{"line":16,"column":3}}],"line":14},"3":{"loc":{"start":{"line":14,"column":6},"end":{"line":14,"column":59}},"type":"binary-expr","locations":[{"start":{"line":14,"column":6},"end":{"line":14,"column":17}},{"start":{"line":14,"column":21},"end":{"line":14,"column":59}}],"line":14}},"s":{"0":4,"1":2,"2":2,"3":2,"4":2,"5":2,"6":0,"7":2,"8":0,"9":2,"10":4},"f":{"0":2},"b":{"0":[2,1],"1":[2,0],"2":[0,2],"3":[2,0]},"_coverageSchema":"43e27e138ebf9cfc5966b082cf9a028302ed4184","hash":"a314867e3c86d68e35ee09267391f3732e5f48ac"}
,"C:\\Users\\raoni\\Documents\\Github\\produtos-favoritos-clientes\\app\\middlewares\\verifyToken.js": {"path":"C:\\Users\\raoni\\Documents\\Github\\produtos-favoritos-clientes\\app\\middlewares\\verifyToken.js","statementMap":{"0":{"start":{"line":1,"column":26},"end":{"line":1,"column":55}},"1":{"start":{"line":4,"column":16},"end":{"line":4,"column":60}},"2":{"start":{"line":6,"column":2},"end":{"line":8,"column":3}},"3":{"start":{"line":7,"column":4},"end":{"line":7,"column":79}},"4":{"start":{"line":10,"column":2},"end":{"line":12,"column":3}},"5":{"start":{"line":11,"column":4},"end":{"line":11,"column":90}},"6":{"start":{"line":14,"column":2},"end":{"line":14,"column":8}},"7":{"start":{"line":17,"column":0},"end":{"line":17,"column":28}}},"fnMap":{"0":{"name":"verifyToken","decl":{"start":{"line":3,"column":9},"end":{"line":3,"column":20}},"loc":{"start":{"line":3,"column":37},"end":{"line":15,"column":1}},"line":3}},"branchMap":{"0":{"loc":{"start":{"line":4,"column":16},"end":{"line":4,"column":60}},"type":"binary-expr","locations":[{"start":{"line":4,"column":16},"end":{"line":4,"column":27}},{"start":{"line":4,"column":31},"end":{"line":4,"column":60}}],"line":4},"1":{"loc":{"start":{"line":6,"column":2},"end":{"line":8,"column":3}},"type":"if","locations":[{"start":{"line":6,"column":2},"end":{"line":8,"column":3}},{"start":{"line":6,"column":2},"end":{"line":8,"column":3}}],"line":6},"2":{"loc":{"start":{"line":10,"column":2},"end":{"line":12,"column":3}},"type":"if","locations":[{"start":{"line":10,"column":2},"end":{"line":12,"column":3}},{"start":{"line":10,"column":2},"end":{"line":12,"column":3}}],"line":10}},"s":{"0":4,"1":16,"2":16,"3":1,"4":15,"5":1,"6":14,"7":4},"f":{"0":16},"b":{"0":[16,16],"1":[1,15],"2":[1,14]},"_coverageSchema":"43e27e138ebf9cfc5966b082cf9a028302ed4184","hash":"7399041886788ce439ed705c94e69e59b47767ad"}
,"C:\\Users\\raoni\\Documents\\Github\\produtos-favoritos-clientes\\app\\models\\client.js": {"path":"C:\\Users\\raoni\\Documents\\Github\\produtos-favoritos-clientes\\app\\models\\client.js","statementMap":{"0":{"start":{"line":1,"column":17},"end":{"line":1,"column":36}},"1":{"start":{"line":2,"column":31},"end":{"line":2,"column":60}},"2":{"start":{"line":3,"column":21},"end":{"line":3,"column":41}},"3":{"start":{"line":5,"column":15},"end":{"line":47,"column":1}},"4":{"start":{"line":49,"column":0},"end":{"line":49,"column":53}}},"fnMap":{},"branchMap":{},"s":{"0":4,"1":4,"2":4,"3":4,"4":4},"f":{},"b":{},"_coverageSchema":"43e27e138ebf9cfc5966b082cf9a028302ed4184","hash":"483425c5e06364d8fe1a419fc3c4a44110439788"}
,"C:\\Users\\raoni\\Documents\\Github\\produtos-favoritos-clientes\\app\\routes\\client.js": {"path":"C:\\Users\\raoni\\Documents\\Github\\produtos-favoritos-clientes\\app\\routes\\client.js","statementMap":{"0":{"start":{"line":1,"column":16},"end":{"line":1,"column":34}},"1":{"start":{"line":2,"column":15},"end":{"line":2,"column":31}},"2":{"start":{"line":3,"column":20},"end":{"line":3,"column":47}},"3":{"start":{"line":4,"column":20},"end":{"line":4,"column":57}},"4":{"start":{"line":5,"column":36},"end":{"line":5,"column":89}},"5":{"start":{"line":6,"column":58},"end":{"line":6,"column":87}},"6":{"start":{"line":9,"column":0},"end":{"line":37,"column":2}},"7":{"start":{"line":10,"column":15},"end":{"line":10,"column":35}},"8":{"start":{"line":11,"column":16},"end":{"line":11,"column":18}},"9":{"start":{"line":12,"column":17},"end":{"line":12,"column":45}},"10":{"start":{"line":13,"column":17},"end":{"line":13,"column":21}},"11":{"start":{"line":14,"column":16},"end":{"line":14,"column":18}},"12":{"start":{"line":16,"column":2},"end":{"line":24,"column":3}},"13":{"start":{"line":17,"column":4},"end":{"line":21,"column":5}},"14":{"start":{"line":23,"column":4},"end":{"line":23,"column":92}},"15":{"start":{"line":26,"column":2},"end":{"line":29,"column":3}},"16":{"start":{"line":27,"column":4},"end":{"line":27,"column":23}},"17":{"start":{"line":28,"column":4},"end":{"line":28,"column":17}},"18":{"start":{"line":31,"column":2},"end":{"line":36,"column":3}},"19":{"start":{"line":40,"column":0},"end":{"line":50,"column":2}},"20":{"start":{"line":41,"column":15},"end":{"line":41,"column":17}},"21":{"start":{"line":43,"column":2},"end":{"line":47,"column":3}},"22":{"start":{"line":44,"column":4},"end":{"line":44,"column":128}},"23":{"start":{"line":46,"column":4},"end":{"line":46,"column":71}},"24":{"start":{"line":49,"column":2},"end":{"line":49,"column":37}},"25":{"start":{"line":53,"column":0},"end":{"line":63,"column":2}},"26":{"start":{"line":54,"column":18},"end":{"line":54,"column":20}},"27":{"start":{"line":56,"column":2},"end":{"line":60,"column":3}},"28":{"start":{"line":57,"column":4},"end":{"line":57,"column":50}},"29":{"start":{"line":59,"column":4},"end":{"line":59,"column":91}},"30":{"start":{"line":62,"column":2},"end":{"line":62,"column":40}},"31":{"start":{"line":66,"column":0},"end":{"line":76,"column":2}},"32":{"start":{"line":67,"column":15},"end":{"line":67,"column":17}},"33":{"start":{"line":69,"column":2},"end":{"line":73,"column":3}},"34":{"start":{"line":70,"column":4},"end":{"line":70,"column":74}},"35":{"start":{"line":72,"column":4},"end":{"line":72,"column":71}},"36":{"start":{"line":75,"column":2},"end":{"line":75,"column":84}},"37":{"start":{"line":79,"column":0},"end":{"line":89,"column":2}},"38":{"start":{"line":80,"column":15},"end":{"line":80,"column":17}},"39":{"start":{"line":82,"column":2},"end":{"line":86,"column":3}},"40":{"start":{"line":83,"column":4},"end":{"line":83,"column":83}},"41":{"start":{"line":85,"column":4},"end":{"line":85,"column":71}},"42":{"start":{"line":88,"column":2},"end":{"line":88,"column":74}},"43":{"start":{"line":91,"column":0},"end":{"line":91,"column":23}}},"fnMap":{"0":{"name":"(anonymous_0)","decl":{"start":{"line":9,"column":29},"end":{"line":9,"column":30}},"loc":{"start":{"line":9,"column":49},"end":{"line":37,"column":1}},"line":9},"1":{"name":"(anonymous_1)","decl":{"start":{"line":40,"column":32},"end":{"line":40,"column":33}},"loc":{"start":{"line":40,"column":52},"end":{"line":50,"column":1}},"line":40},"2":{"name":"(anonymous_2)","decl":{"start":{"line":53,"column":59},"end":{"line":53,"column":60}},"loc":{"start":{"line":53,"column":79},"end":{"line":63,"column":1}},"line":53},"3":{"name":"(anonymous_3)","decl":{"start":{"line":66,"column":61},"end":{"line":66,"column":62}},"loc":{"start":{"line":66,"column":81},"end":{"line":76,"column":1}},"line":66},"4":{"name":"(anonymous_4)","decl":{"start":{"line":79,"column":35},"end":{"line":79,"column":36}},"loc":{"start":{"line":79,"column":55},"end":{"line":89,"column":1}},"line":79}},"branchMap":{"0":{"loc":{"start":{"line":10,"column":15},"end":{"line":10,"column":35}},"type":"binary-expr","locations":[{"start":{"line":10,"column":15},"end":{"line":10,"column":30}},{"start":{"line":10,"column":34},"end":{"line":10,"column":35}}],"line":10},"1":{"loc":{"start":{"line":26,"column":2},"end":{"line":29,"column":3}},"type":"if","locations":[{"start":{"line":26,"column":2},"end":{"line":29,"column":3}},{"start":{"line":26,"column":2},"end":{"line":29,"column":3}}],"line":26}},"s":{"0":4,"1":4,"2":4,"3":4,"4":4,"5":4,"6":4,"7":1,"8":1,"9":1,"10":1,"11":1,"12":1,"13":1,"14":0,"15":1,"16":1,"17":1,"18":1,"19":4,"20":1,"21":1,"22":1,"23":0,"24":1,"25":4,"26":1,"27":1,"28":1,"29":0,"30":1,"31":4,"32":1,"33":1,"34":1,"35":0,"36":1,"37":4,"38":1,"39":1,"40":1,"41":0,"42":1,"43":4},"f":{"0":1,"1":1,"2":1,"3":1,"4":1},"b":{"0":[1,1],"1":[1,0]},"_coverageSchema":"43e27e138ebf9cfc5966b082cf9a028302ed4184","hash":"ccab1ac03ad765c4054f6261d098afd6eeda334d"}
,"C:\\Users\\raoni\\Documents\\Github\\produtos-favoritos-clientes\\app\\routes\\favoritesProducts.js": {"path":"C:\\Users\\raoni\\Documents\\Github\\produtos-favoritos-clientes\\app\\routes\\favoritesProducts.js","statementMap":{"0":{"start":{"line":1,"column":16},"end":{"line":1,"column":34}},"1":{"start":{"line":2,"column":15},"end":{"line":2,"column":31}},"2":{"start":{"line":3,"column":20},"end":{"line":3,"column":47}},"3":{"start":{"line":4,"column":20},"end":{"line":4,"column":57}},"4":{"start":{"line":5,"column":103},"end":{"line":5,"column":132}},"5":{"start":{"line":8,"column":0},"end":{"line":32,"column":2}},"6":{"start":{"line":9,"column":15},"end":{"line":9,"column":35}},"7":{"start":{"line":10,"column":16},"end":{"line":10,"column":18}},"8":{"start":{"line":11,"column":17},"end":{"line":11,"column":45}},"9":{"start":{"line":12,"column":17},"end":{"line":12,"column":21}},"10":{"start":{"line":13,"column":15},"end":{"line":13,"column":17}},"11":{"start":{"line":15,"column":2},"end":{"line":19,"column":3}},"12":{"start":{"line":16,"column":4},"end":{"line":16,"column":127}},"13":{"start":{"line":18,"column":4},"end":{"line":18,"column":110}},"14":{"start":{"line":21,"column":2},"end":{"line":24,"column":3}},"15":{"start":{"line":22,"column":4},"end":{"line":22,"column":23}},"16":{"start":{"line":23,"column":4},"end":{"line":23,"column":35}},"17":{"start":{"line":26,"column":2},"end":{"line":31,"column":3}},"18":{"start":{"line":35,"column":0},"end":{"line":76,"column":2}},"19":{"start":{"line":36,"column":19},"end":{"line":36,"column":38}},"20":{"start":{"line":37,"column":20},"end":{"line":37,"column":40}},"21":{"start":{"line":38,"column":24},"end":{"line":38,"column":26}},"22":{"start":{"line":39,"column":15},"end":{"line":39,"column":17}},"23":{"start":{"line":40,"column":32},"end":{"line":40,"column":34}},"24":{"start":{"line":42,"column":2},"end":{"line":55,"column":3}},"25":{"start":{"line":43,"column":4},"end":{"line":46,"column":6}},"26":{"start":{"line":48,"column":4},"end":{"line":50,"column":5}},"27":{"start":{"line":49,"column":6},"end":{"line":49,"column":73}},"28":{"start":{"line":52,"column":4},"end":{"line":54,"column":5}},"29":{"start":{"line":53,"column":6},"end":{"line":53,"column":73}},"30":{"start":{"line":57,"column":2},"end":{"line":59,"column":3}},"31":{"start":{"line":58,"column":4},"end":{"line":58,"column":97}},"32":{"start":{"line":61,"column":2},"end":{"line":67,"column":3}},"33":{"start":{"line":69,"column":2},"end":{"line":73,"column":3}},"34":{"start":{"line":70,"column":4},"end":{"line":70,"column":110}},"35":{"start":{"line":72,"column":4},"end":{"line":72,"column":108}},"36":{"start":{"line":75,"column":2},"end":{"line":75,"column":78}},"37":{"start":{"line":79,"column":0},"end":{"line":101,"column":2}},"38":{"start":{"line":80,"column":19},"end":{"line":80,"column":38}},"39":{"start":{"line":81,"column":20},"end":{"line":81,"column":40}},"40":{"start":{"line":82,"column":15},"end":{"line":82,"column":17}},"41":{"start":{"line":84,"column":2},"end":{"line":88,"column":3}},"42":{"start":{"line":85,"column":4},"end":{"line":85,"column":100}},"43":{"start":{"line":87,"column":4},"end":{"line":87,"column":71}},"44":{"start":{"line":90,"column":2},"end":{"line":92,"column":3}},"45":{"start":{"line":91,"column":4},"end":{"line":91,"column":106}},"46":{"start":{"line":94,"column":2},"end":{"line":98,"column":3}},"47":{"start":{"line":95,"column":4},"end":{"line":95,"column":104}},"48":{"start":{"line":97,"column":4},"end":{"line":97,"column":109}},"49":{"start":{"line":100,"column":2},"end":{"line":100,"column":77}},"50":{"start":{"line":103,"column":0},"end":{"line":103,"column":23}}},"fnMap":{"0":{"name":"(anonymous_0)","decl":{"start":{"line":8,"column":38},"end":{"line":8,"column":39}},"loc":{"start":{"line":8,"column":58},"end":{"line":32,"column":1}},"line":8},"1":{"name":"(anonymous_1)","decl":{"start":{"line":35,"column":50},"end":{"line":35,"column":51}},"loc":{"start":{"line":35,"column":70},"end":{"line":76,"column":1}},"line":35},"2":{"name":"(anonymous_2)","decl":{"start":{"line":79,"column":52},"end":{"line":79,"column":53}},"loc":{"start":{"line":79,"column":72},"end":{"line":101,"column":1}},"line":79}},"branchMap":{"0":{"loc":{"start":{"line":9,"column":15},"end":{"line":9,"column":35}},"type":"binary-expr","locations":[{"start":{"line":9,"column":15},"end":{"line":9,"column":30}},{"start":{"line":9,"column":34},"end":{"line":9,"column":35}}],"line":9},"1":{"loc":{"start":{"line":21,"column":2},"end":{"line":24,"column":3}},"type":"if","locations":[{"start":{"line":21,"column":2},"end":{"line":24,"column":3}},{"start":{"line":21,"column":2},"end":{"line":24,"column":3}}],"line":21},"2":{"loc":{"start":{"line":48,"column":4},"end":{"line":50,"column":5}},"type":"if","locations":[{"start":{"line":48,"column":4},"end":{"line":50,"column":5}},{"start":{"line":48,"column":4},"end":{"line":50,"column":5}}],"line":48},"3":{"loc":{"start":{"line":52,"column":4},"end":{"line":54,"column":5}},"type":"if","locations":[{"start":{"line":52,"column":4},"end":{"line":54,"column":5}},{"start":{"line":52,"column":4},"end":{"line":54,"column":5}}],"line":52},"4":{"loc":{"start":{"line":57,"column":2},"end":{"line":59,"column":3}},"type":"if","locations":[{"start":{"line":57,"column":2},"end":{"line":59,"column":3}},{"start":{"line":57,"column":2},"end":{"line":59,"column":3}}],"line":57},"5":{"loc":{"start":{"line":90,"column":2},"end":{"line":92,"column":3}},"type":"if","locations":[{"start":{"line":90,"column":2},"end":{"line":92,"column":3}},{"start":{"line":90,"column":2},"end":{"line":92,"column":3}}],"line":90}},"s":{"0":4,"1":4,"2":4,"3":4,"4":4,"5":4,"6":1,"7":1,"8":1,"9":1,"10":1,"11":1,"12":1,"13":0,"14":1,"15":0,"16":0,"17":1,"18":4,"19":5,"20":5,"21":5,"22":5,"23":5,"24":5,"25":5,"26":2,"27":1,"28":1,"29":1,"30":3,"31":1,"32":2,"33":2,"34":2,"35":0,"36":2,"37":4,"38":3,"39":3,"40":3,"41":3,"42":3,"43":1,"44":2,"45":1,"46":1,"47":1,"48":0,"49":1,"50":4},"f":{"0":1,"1":5,"2":3},"b":{"0":[1,1],"1":[0,1],"2":[1,1],"3":[1,0],"4":[1,2],"5":[1,1]},"_coverageSchema":"43e27e138ebf9cfc5966b082cf9a028302ed4184","hash":"dd6e0f1f78566053cd19d551aecc8a1d3edea738"}
,"C:\\Users\\raoni\\Documents\\Github\\produtos-favoritos-clientes\\app\\routes\\login.js": {"path":"C:\\Users\\raoni\\Documents\\Github\\produtos-favoritos-clientes\\app\\routes\\login.js","statementMap":{"0":{"start":{"line":1,"column":16},"end":{"line":1,"column":34}},"1":{"start":{"line":2,"column":15},"end":{"line":2,"column":31}},"2":{"start":{"line":3,"column":26},"end":{"line":3,"column":55}},"3":{"start":{"line":6,"column":0},"end":{"line":16,"column":2}},"4":{"start":{"line":7,"column":14},"end":{"line":7,"column":16}},"5":{"start":{"line":9,"column":2},"end":{"line":13,"column":3}},"6":{"start":{"line":10,"column":4},"end":{"line":10,"column":27}},"7":{"start":{"line":12,"column":4},"end":{"line":12,"column":61}},"8":{"start":{"line":15,"column":2},"end":{"line":15,"column":83}},"9":{"start":{"line":18,"column":0},"end":{"line":18,"column":23}}},"fnMap":{"0":{"name":"(anonymous_0)","decl":{"start":{"line":6,"column":17},"end":{"line":6,"column":18}},"loc":{"start":{"line":6,"column":31},"end":{"line":16,"column":1}},"line":6}},"branchMap":{"0":{"loc":{"start":{"line":9,"column":2},"end":{"line":13,"column":3}},"type":"if","locations":[{"start":{"line":9,"column":2},"end":{"line":13,"column":3}},{"start":{"line":9,"column":2},"end":{"line":13,"column":3}}],"line":9},"1":{"loc":{"start":{"line":9,"column":6},"end":{"line":9,"column":59}},"type":"binary-expr","locations":[{"start":{"line":9,"column":6},"end":{"line":9,"column":31}},{"start":{"line":9,"column":35},"end":{"line":9,"column":59}}],"line":9}},"s":{"0":4,"1":4,"2":4,"3":4,"4":2,"5":2,"6":1,"7":1,"8":1,"9":4},"f":{"0":2},"b":{"0":[1,1],"1":[2,1]},"_coverageSchema":"43e27e138ebf9cfc5966b082cf9a028302ed4184","hash":"0383c099faed14e3070049c2a21c09f8fc76f983"}
}
